Drill report for FA.kicad_pcb
Created on 2024-07-08T16:56:57+0530

Copper Layer Stackup:
    =============================================================
    L1 :  F.Cu                      front
    L2 :  B.Cu                      back


Drill file 'FA-PTH.drl' contains
    plated through holes:
    =============================================================
    T1  0.780mm  0.0307"  (16 holes)
    T2  0.800mm  0.0315"  (16 holes)
    T3  0.890mm  0.0350"  (1 hole)
    T4  0.900mm  0.0354"  (4 holes)
    T5  1.070mm  0.0421"  (8 holes)
    T6  1.118mm  0.0440"  (28 holes)

    Total plated holes count 73


Drill file 'FA-NPTH.drl' contains
    unplated through holes:
    =============================================================

    Total unplated holes count 0
